  [1m[35m (2628.7ms)[0m  [1m[35mCREATE DATABASE "task_master_development" ENCODING = 'unicode'[0m
  [1m[35m (836.3ms)[0m  [1m[35mCREATE DATABASE "task_master_test" ENCODING = 'unicode'[0m
  [1m[35m (48.2ms)[0m  [1m[35mCREATE TABLE "schema_migrations" ("version" character varying NOT NULL PRIMARY KEY)[0m
  [1m[35m (22.7ms)[0m  [1m[35mCREATE TABLE "ar_internal_metadata" ("key" character varying NOT NULL PRIMARY KEY, "value" character varying, "created_at" timestamp(6) NOT NULL, "updated_at" timestamp(6) NOT NULL)[0m
  [1m[35m (0.7ms)[0m  [1m[34mSELECT pg_try_advisory_lock(7714596264570330450)[0m
  [1m[35m (4.2ms)[0m  [1m[34mSELECT "schema_migrations"."version" FROM "schema_migrations" ORDER BY "schema_migrations"."version" ASC[0m
Migrating to CreateTeams (20200305041701)
  [1m[35m (0.3ms)[0m  [1m[35mBEGIN[0m
  [1m[35m (30.6ms)[0m  [1m[35mCREATE TABLE "teams" ("id" bigserial primary key, "name" character varying, "created_at" timestamp(6) NOT NULL, "updated_at" timestamp(6) NOT NULL)[0m
  [1m[36mprimary::SchemaMigration Create (2.0ms)[0m  [1m[32mINSERT INTO "schema_migrations" ("version") VALUES ($1) RETURNING "version"[0m  [["version", "20200305041701"]]
  [1m[35m (0.8ms)[0m  [1m[35mCOMMIT[0m
Migrating to CreateTasks (20200306024029)
  [1m[35m (1.0ms)[0m  [1m[34mSELECT pg_advisory_unlock(7714596264570330450)[0m
  [1m[35m (0.4ms)[0m  [1m[34mSELECT pg_try_advisory_lock(7714596264570330450)[0m
  [1m[35m (11.2ms)[0m  [1m[34mSELECT "schema_migrations"."version" FROM "schema_migrations" ORDER BY "schema_migrations"."version" ASC[0m
Migrating to CreateTasks (20200306024029)
  [1m[35m (0.3ms)[0m  [1m[35mBEGIN[0m
  [1m[35m (56.5ms)[0m  [1m[35mCREATE TABLE "tasks" ("id" bigserial primary key, "title" character varying, "due_date" date, "complete" boolean, "urgency" boolean, "description" text, "team_id" bigint NOT NULL, "created_at" timestamp(6) NOT NULL, "updated_at" timestamp(6) NOT NULL, CONSTRAINT "fk_rails_9434a31a20"
FOREIGN KEY ("team_id")
  REFERENCES "teams" ("id")
)[0m
  [1m[35m (3.0ms)[0m  [1m[35mCREATE  INDEX  "index_tasks_on_team_id" ON "tasks"  ("team_id")[0m
  [1m[36mprimary::SchemaMigration Create (0.7ms)[0m  [1m[32mINSERT INTO "schema_migrations" ("version") VALUES ($1) RETURNING "version"[0m  [["version", "20200306024029"]]
  [1m[35m (5.7ms)[0m  [1m[35mCOMMIT[0m
Migrating to CreateUsers (20200306024217)
  [1m[35m (5.8ms)[0m  [1m[35mBEGIN[0m
  [1m[35m (21.7ms)[0m  [1m[35mCREATE TABLE "users" ("id" bigserial primary key, "name" character varying, "email" character varying, "team_id" bigint, "created_at" timestamp(6) NOT NULL, "updated_at" timestamp(6) NOT NULL)[0m
  [1m[35m (1.3ms)[0m  [1m[35mCREATE  INDEX  "index_users_on_team_id" ON "users"  ("team_id")[0m
  [1m[36mprimary::SchemaMigration Create (0.4ms)[0m  [1m[32mINSERT INTO "schema_migrations" ("version") VALUES ($1) RETURNING "version"[0m  [["version", "20200306024217"]]
  [1m[35m (0.6ms)[0m  [1m[35mCOMMIT[0m
  [1m[36mActiveRecord::InternalMetadata Load (8.4ms)[0m  [1m[34mSELECT "ar_internal_metadata".* FROM "ar_internal_metadata" WHERE "ar_internal_metadata"."key" = $1 LIMIT $2[0m  [["key", "environment"], ["LIMIT", 1]]
  [1m[35m (0.2ms)[0m  [1m[35mBEGIN[0m
  [1m[36mActiveRecord::InternalMetadata Create (6.1ms)[0m  [1m[32mINSERT INTO "ar_internal_metadata" ("key", "value", "created_at", "updated_at") VALUES ($1, $2, $3, $4) RETURNING "key"[0m  [["key", "environment"], ["value", "development"], ["created_at", "2020-03-06 04:57:19.556189"], ["updated_at", "2020-03-06 04:57:19.556189"]]
  [1m[35m (0.5ms)[0m  [1m[35mCOMMIT[0m
  [1m[35m (0.4ms)[0m  [1m[34mSELECT pg_advisory_unlock(7714596264570330450)[0m
  [1m[35m (3.6ms)[0m  [1m[34mSELECT "schema_migrations"."version" FROM "schema_migrations" ORDER BY "schema_migrations"."version" ASC[0m
  [1m[36mUser Load (6.3ms)[0m  [1m[34mSELECT "users".* FROM "users" ORDER BY "users"."id" ASC LIMIT $1[0m  [["LIMIT", 1]]
  [1m[35m (3.7ms)[0m  [1m[34mSELECT "schema_migrations"."version" FROM "schema_migrations" ORDER BY "schema_migrations"."version" ASC[0m
  [1m[35m (3.3ms)[0m  [1m[34mSELECT "schema_migrations"."version" FROM "schema_migrations" ORDER BY "schema_migrations"."version" ASC[0m
  [1m[35m (0.2ms)[0m  [1m[35mBEGIN[0m
  [1m[36mTeam Create (4.3ms)[0m  [1m[32mINSERT INTO "teams" ("name", "created_at", "updated_at") VALUES ($1, $2, $3) RETURNING "id"[0m  [["name", "Boomtown Rats"], ["created_at", "2020-03-06 04:59:09.728725"], ["updated_at", "2020-03-06 04:59:09.728725"]]
  [1m[35m (0.5ms)[0m  [1m[35mCOMMIT[0m
  [1m[35m (0.3ms)[0m  [1m[35mBEGIN[0m
  [1m[36mTeam Create (1.1ms)[0m  [1m[32mINSERT INTO "teams" ("name", "created_at", "updated_at") VALUES ($1, $2, $3) RETURNING "id"[0m  [["name", "Dixie Chicks"], ["created_at", "2020-03-06 04:59:09.740514"], ["updated_at", "2020-03-06 04:59:09.740514"]]
  [1m[35m (0.6ms)[0m  [1m[35mCOMMIT[0m
  [1m[35m (0.2ms)[0m  [1m[35mBEGIN[0m
  [1m[36mTeam Create (0.5ms)[0m  [1m[32mINSERT INTO "teams" ("name", "created_at", "updated_at") VALUES ($1, $2, $3) RETURNING "id"[0m  [["name", "Goop"], ["created_at", "2020-03-06 04:59:09.747318"], ["updated_at", "2020-03-06 04:59:09.747318"]]
  [1m[35m (0.5ms)[0m  [1m[35mCOMMIT[0m
  [1m[35m (0.2ms)[0m  [1m[35mBEGIN[0m
  [1m[36mTeam Load (0.7ms)[0m  [1m[34mSELECT "teams".* FROM "teams" WHERE "teams"."id" = $1 LIMIT $2[0m  [["id", 1], ["LIMIT", 1]]
  [1m[36mTask Create (1.1ms)[0m  [1m[32mINSERT INTO "tasks" ("title", "due_date", "complete", "urgency", "description", "team_id", "created_at", "updated_at") VALUES ($1, $2, $3, $4, $5, $6, $7, $8) RETURNING "id"[0m  [["title", "Abolish Mondays"], ["due_date", 1987], ["complete", false], ["urgency", true], ["description", "I hate Mondays!"], ["team_id", 1], ["created_at", "2020-03-06 04:59:09.844534"], ["updated_at", "2020-03-06 04:59:09.844534"]]
  [1m[35m (0.2ms)[0m  [1m[31mROLLBACK[0m
  [1m[35m (3.9ms)[0m  [1m[34mSELECT "schema_migrations"."version" FROM "schema_migrations" ORDER BY "schema_migrations"."version" ASC[0m
  [1m[35m (0.2ms)[0m  [1m[35mBEGIN[0m
  [1m[36mTeam Create (3.5ms)[0m  [1m[32mINSERT INTO "teams" ("name", "created_at", "updated_at") VALUES ($1, $2, $3) RETURNING "id"[0m  [["name", "Boomtown Rats"], ["created_at", "2020-03-06 05:00:38.140148"], ["updated_at", "2020-03-06 05:00:38.140148"]]
  [1m[35m (9.4ms)[0m  [1m[35mCOMMIT[0m
  [1m[35m (0.2ms)[0m  [1m[35mBEGIN[0m
  [1m[36mTeam Create (0.8ms)[0m  [1m[32mINSERT INTO "teams" ("name", "created_at", "updated_at") VALUES ($1, $2, $3) RETURNING "id"[0m  [["name", "Dixie Chicks"], ["created_at", "2020-03-06 05:00:38.158580"], ["updated_at", "2020-03-06 05:00:38.158580"]]
  [1m[35m (0.5ms)[0m  [1m[35mCOMMIT[0m
  [1m[35m (0.2ms)[0m  [1m[35mBEGIN[0m
  [1m[36mTeam Create (0.7ms)[0m  [1m[32mINSERT INTO "teams" ("name", "created_at", "updated_at") VALUES ($1, $2, $3) RETURNING "id"[0m  [["name", "Goop"], ["created_at", "2020-03-06 05:00:38.165395"], ["updated_at", "2020-03-06 05:00:38.165395"]]
  [1m[35m (0.6ms)[0m  [1m[35mCOMMIT[0m
  [1m[35m (0.3ms)[0m  [1m[35mBEGIN[0m
  [1m[36mTeam Load (0.8ms)[0m  [1m[34mSELECT "teams".* FROM "teams" WHERE "teams"."id" = $1 LIMIT $2[0m  [["id", 1], ["LIMIT", 1]]
  [1m[36mTask Create (1.1ms)[0m  [1m[32mINSERT INTO "tasks" ("title", "due_date", "complete", "urgency", "description", "team_id", "created_at", "updated_at") VALUES ($1, $2, $3, $4, $5, $6, $7, $8) RETURNING "id"[0m  [["title", "Abolish Mondays"], ["due_date", 1987], ["complete", false], ["urgency", true], ["description", "I hate Mondays!"], ["team_id", 1], ["created_at", "2020-03-06 05:00:38.207856"], ["updated_at", "2020-03-06 05:00:38.207856"]]
  [1m[35m (0.3ms)[0m  [1m[31mROLLBACK[0m
  [1m[35m (4.6ms)[0m  [1m[34mSELECT "schema_migrations"."version" FROM "schema_migrations" ORDER BY "schema_migrations"."version" ASC[0m
  [1m[35m (0.2ms)[0m  [1m[35mBEGIN[0m
  [1m[36mTeam Create (3.1ms)[0m  [1m[32mINSERT INTO "teams" ("name", "created_at", "updated_at") VALUES ($1, $2, $3) RETURNING "id"[0m  [["name", "Boomtown Rats"], ["created_at", "2020-03-06 05:07:04.601682"], ["updated_at", "2020-03-06 05:07:04.601682"]]
  [1m[35m (0.5ms)[0m  [1m[35mCOMMIT[0m
  [1m[35m (0.3ms)[0m  [1m[35mBEGIN[0m
  [1m[36mTeam Create (0.5ms)[0m  [1m[32mINSERT INTO "teams" ("name", "created_at", "updated_at") VALUES ($1, $2, $3) RETURNING "id"[0m  [["name", "Dixie Chicks"], ["created_at", "2020-03-06 05:07:04.610942"], ["updated_at", "2020-03-06 05:07:04.610942"]]
  [1m[35m (0.5ms)[0m  [1m[35mCOMMIT[0m
  [1m[35m (0.2ms)[0m  [1m[35mBEGIN[0m
  [1m[36mTeam Create (0.6ms)[0m  [1m[32mINSERT INTO "teams" ("name", "created_at", "updated_at") VALUES ($1, $2, $3) RETURNING "id"[0m  [["name", "Goop"], ["created_at", "2020-03-06 05:07:04.616461"], ["updated_at", "2020-03-06 05:07:04.616461"]]
  [1m[35m (0.5ms)[0m  [1m[35mCOMMIT[0m
  [1m[35m (0.2ms)[0m  [1m[35mBEGIN[0m
  [1m[36mTeam Load (0.5ms)[0m  [1m[34mSELECT "teams".* FROM "teams" WHERE "teams"."id" = $1 LIMIT $2[0m  [["id", 1], ["LIMIT", 1]]
  [1m[36mTask Create (7.4ms)[0m  [1m[32mINSERT INTO "tasks" ("title", "complete", "urgency", "description", "team_id", "created_at", "updated_at") VALUES ($1, $2, $3, $4, $5, $6, $7) RETURNING "id"[0m  [["title", "Abolish Mondays"], ["complete", false], ["urgency", true], ["description", "I hate Mondays!"], ["team_id", 1], ["created_at", "2020-03-06 05:07:04.656770"], ["updated_at", "2020-03-06 05:07:04.656770"]]
  [1m[35m (0.6ms)[0m  [1m[35mCOMMIT[0m
  [1m[35m (0.2ms)[0m  [1m[35mBEGIN[0m
  [1m[36mTeam Load (0.5ms)[0m  [1m[34mSELECT "teams".* FROM "teams" WHERE "teams"."id" = $1 LIMIT $2[0m  [["id", 1], ["LIMIT", 1]]
  [1m[36mTask Create (1.0ms)[0m  [1m[32mINSERT INTO "tasks" ("title", "complete", "urgency", "description", "team_id", "created_at", "updated_at") VALUES ($1, $2, $3, $4, $5, $6, $7) RETURNING "id"[0m  [["title", "Release Second Hit Single"], ["complete", false], ["urgency", true], ["description", "This one could be about Tuesdays"], ["team_id", 1], ["created_at", "2020-03-06 05:07:04.671914"], ["updated_at", "2020-03-06 05:07:04.671914"]]
  [1m[35m (0.5ms)[0m  [1m[35mCOMMIT[0m
  [1m[35m (0.2ms)[0m  [1m[35mBEGIN[0m
  [1m[36mTeam Load (0.5ms)[0m  [1m[34mSELECT "teams".* FROM "teams" WHERE "teams"."id" = $1 LIMIT $2[0m  [["id", 2], ["LIMIT", 1]]
  [1m[36mTask Create (1.1ms)[0m  [1m[32mINSERT INTO "tasks" ("title", "complete", "urgency", "description", "team_id", "created_at", "updated_at") VALUES ($1, $2, $3, $4, $5, $6, $7) RETURNING "id"[0m  [["title", "Kill Earl"], ["complete", false], ["urgency", false], ["description", "Earl had to die"], ["team_id", 2], ["created_at", "2020-03-06 05:07:04.681400"], ["updated_at", "2020-03-06 05:07:04.681400"]]
  [1m[35m (0.6ms)[0m  [1m[35mCOMMIT[0m
  [1m[35m (0.3ms)[0m  [1m[35mBEGIN[0m
  [1m[36mTeam Load (0.5ms)[0m  [1m[34mSELECT "teams".* FROM "teams" WHERE "teams"."id" = $1 LIMIT $2[0m  [["id", 2], ["LIMIT", 1]]
  [1m[36mTask Create (1.0ms)[0m  [1m[32mINSERT INTO "tasks" ("title", "complete", "urgency", "description", "team_id", "created_at", "updated_at") VALUES ($1, $2, $3, $4, $5, $6, $7) RETURNING "id"[0m  [["title", "Call out GWB"], ["complete", false], ["urgency", false], ["description", "We're not ready to make nice"], ["team_id", 2], ["created_at", "2020-03-06 05:07:04.692801"], ["updated_at", "2020-03-06 05:07:04.692801"]]
  [1m[35m (0.8ms)[0m  [1m[35mCOMMIT[0m
  [1m[35m (0.3ms)[0m  [1m[35mBEGIN[0m
  [1m[36mTeam Load (0.6ms)[0m  [1m[34mSELECT "teams".* FROM "teams" WHERE "teams"."id" = $1 LIMIT $2[0m  [["id", 2], ["LIMIT", 1]]
  [1m[36mTask Create (0.9ms)[0m  [1m[32mINSERT INTO "tasks" ("title", "complete", "urgency", "description", "team_id", "created_at", "updated_at") VALUES ($1, $2, $3, $4, $5, $6, $7) RETURNING "id"[0m  [["title", "Release new album"], ["complete", false], ["urgency", true], ["description", "Don't gaslight me, Jack Antonoff"], ["team_id", 2], ["created_at", "2020-03-06 05:07:04.703639"], ["updated_at", "2020-03-06 05:07:04.703639"]]
  [1m[35m (0.5ms)[0m  [1m[35mCOMMIT[0m
  [1m[35m (0.2ms)[0m  [1m[35mBEGIN[0m
  [1m[36mTeam Load (0.4ms)[0m  [1m[34mSELECT "teams".* FROM "teams" WHERE "teams"."id" = $1 LIMIT $2[0m  [["id", 3], ["LIMIT", 1]]
  [1m[36mTask Create (0.7ms)[0m  [1m[32mINSERT INTO "tasks" ("title", "complete", "urgency", "description", "team_id", "created_at", "updated_at") VALUES ($1, $2, $3, $4, $5, $6, $7) RETURNING "id"[0m  [["title", "Light My Candle"], ["complete", false], ["urgency", false], ["description", "You know what it smells like"], ["team_id", 3], ["created_at", "2020-03-06 05:07:04.713666"], ["updated_at", "2020-03-06 05:07:04.713666"]]
  [1m[35m (0.5ms)[0m  [1m[35mCOMMIT[0m
  [1m[35m (0.4ms)[0m  [1m[35mBEGIN[0m
  [1m[36mTeam Load (0.3ms)[0m  [1m[34mSELECT "teams".* FROM "teams" WHERE "teams"."id" = $1 LIMIT $2[0m  [["id", 3], ["LIMIT", 1]]
  [1m[36mTask Create (0.7ms)[0m  [1m[32mINSERT INTO "tasks" ("title", "complete", "urgency", "description", "team_id", "created_at", "updated_at") VALUES ($1, $2, $3, $4, $5, $6, $7) RETURNING "id"[0m  [["title", "Cold Shower"], ["complete", false], ["urgency", false], ["description", "Wim Hoff for life"], ["team_id", 3], ["created_at", "2020-03-06 05:07:04.723324"], ["updated_at", "2020-03-06 05:07:04.723324"]]
  [1m[35m (0.5ms)[0m  [1m[35mCOMMIT[0m
  [1m[35m (0.2ms)[0m  [1m[35mBEGIN[0m
  [1m[36mTeam Load (0.3ms)[0m  [1m[34mSELECT "teams".* FROM "teams" WHERE "teams"."id" = $1 LIMIT $2[0m  [["id", 3], ["LIMIT", 1]]
  [1m[36mTask Create (1.2ms)[0m  [1m[32mINSERT INTO "tasks" ("title", "complete", "urgency", "description", "team_id", "created_at", "updated_at") VALUES ($1, $2, $3, $4, $5, $6, $7) RETURNING "id"[0m  [["title", "Glow!"], ["complete", false], ["urgency", false], ["description", "Goop Glow Vitamin C Serum is the ticket!"], ["team_id", 3], ["created_at", "2020-03-06 05:07:04.733482"], ["updated_at", "2020-03-06 05:07:04.733482"]]
  [1m[35m (0.5ms)[0m  [1m[35mCOMMIT[0m
  [1m[35m (0.2ms)[0m  [1m[35mBEGIN[0m
  [1m[36mTeam Load (0.4ms)[0m  [1m[34mSELECT "teams".* FROM "teams" WHERE "teams"."id" = $1 LIMIT $2[0m  [["id", 3], ["LIMIT", 1]]
  [1m[36mUser Create (1.9ms)[0m  [1m[32mINSERT INTO "users" ("name", "email", "team_id", "created_at", "updated_at") VALUES ($1, $2, $3, $4, $5) RETURNING "id"[0m  [["name", "Gwyneth Paltrow"], ["email", "gp@goop.com"], ["team_id", 3], ["created_at", "2020-03-06 05:07:04.768367"], ["updated_at", "2020-03-06 05:07:04.768367"]]
  [1m[35m (0.5ms)[0m  [1m[35mCOMMIT[0m
  [1m[35m (0.3ms)[0m  [1m[35mBEGIN[0m
  [1m[36mTeam Load (0.5ms)[0m  [1m[34mSELECT "teams".* FROM "teams" WHERE "teams"."id" = $1 LIMIT $2[0m  [["id", 3], ["LIMIT", 1]]
  [1m[36mUser Create (0.8ms)[0m  [1m[32mINSERT INTO "users" ("name", "email", "team_id", "created_at", "updated_at") VALUES ($1, $2, $3, $4, $5) RETURNING "id"[0m  [["name", "Will Cole"], ["email", "wc@goop.com"], ["team_id", 3], ["created_at", "2020-03-06 05:07:04.815473"], ["updated_at", "2020-03-06 05:07:04.815473"]]
  [1m[35m (0.5ms)[0m  [1m[35mCOMMIT[0m
  [1m[35m (0.3ms)[0m  [1m[35mBEGIN[0m
  [1m[36mTeam Load (0.3ms)[0m  [1m[34mSELECT "teams".* FROM "teams" WHERE "teams"."id" = $1 LIMIT $2[0m  [["id", 2], ["LIMIT", 1]]
  [1m[36mUser Create (0.6ms)[0m  [1m[32mINSERT INTO "users" ("name", "email", "team_id", "created_at", "updated_at") VALUES ($1, $2, $3, $4, $5) RETURNING "id"[0m  [["name", "Natalie Maines"], ["email", "nm@dc.com"], ["team_id", 2], ["created_at", "2020-03-06 05:07:04.827107"], ["updated_at", "2020-03-06 05:07:04.827107"]]
  [1m[35m (0.4ms)[0m  [1m[35mCOMMIT[0m
  [1m[35m (0.3ms)[0m  [1m[35mBEGIN[0m
  [1m[36mTeam Load (0.5ms)[0m  [1m[34mSELECT "teams".* FROM "teams" WHERE "teams"."id" = $1 LIMIT $2[0m  [["id", 2], ["LIMIT", 1]]
  [1m[36mUser Create (0.8ms)[0m  [1m[32mINSERT INTO "users" ("name", "email", "team_id", "created_at", "updated_at") VALUES ($1, $2, $3, $4, $5) RETURNING "id"[0m  [["name", "Emily Erwin Robison"], ["email", "eer@dc.com"], ["team_id", 2], ["created_at", "2020-03-06 05:07:04.838009"], ["updated_at", "2020-03-06 05:07:04.838009"]]
  [1m[35m (0.7ms)[0m  [1m[35mCOMMIT[0m
  [1m[36mTask Load (4.1ms)[0m  [1m[34mSELECT "tasks".* FROM "tasks" ORDER BY "tasks"."id" ASC LIMIT $1[0m  [["LIMIT", 1]]
  [1m[36mTeam Load (3.6ms)[0m  [1m[34mSELECT "teams".* FROM "teams" ORDER BY "teams"."id" ASC LIMIT $1[0m  [["LIMIT", 1]]
  [1m[36mTeam Load (0.7ms)[0m  [1m[34mSELECT "teams".* FROM "teams" ORDER BY "teams"."id" DESC LIMIT $1[0m  [["LIMIT", 1]]
  [1m[36mUser Load (8.5ms)[0m  [1m[34mSELECT "users".* FROM "users" WHERE "users"."team_id" = $1 LIMIT $2[0m  [["team_id", 9], ["LIMIT", 11]]
  [1m[36mUser Load (0.6ms)[0m  [1m[34mSELECT "users".* FROM "users" ORDER BY "users"."id" ASC LIMIT $1[0m  [["LIMIT", 1]]
  [1m[36mTeam Load (0.6ms)[0m  [1m[34mSELECT "teams".* FROM "teams" ORDER BY "teams"."id" DESC LIMIT $1[0m  [["LIMIT", 1]]
  [1m[36mTeam Load (0.6ms)[0m  [1m[34mSELECT "teams".* FROM "teams" ORDER BY "teams"."id" DESC LIMIT $1[0m  [["LIMIT", 1]]
  [1m[36mTask Load (0.7ms)[0m  [1m[34mSELECT "tasks".* FROM "tasks" WHERE "tasks"."team_id" = $1 LIMIT $2[0m  [["team_id", 9], ["LIMIT", 11]]
  [1m[36mTeam Load (0.9ms)[0m  [1m[34mSELECT "teams".* FROM "teams" ORDER BY "teams"."id" DESC LIMIT $1[0m  [["LIMIT", 1]]
  [1m[36mTeam Load (0.5ms)[0m  [1m[34mSELECT "teams".* FROM "teams" ORDER BY "teams"."id" DESC LIMIT $1[0m  [["LIMIT", 1]]
  [1m[35m (1.2ms)[0m  [1m[34mSELECT COUNT(*) FROM "tasks" WHERE "tasks"."team_id" = $1[0m  [["team_id", 9]]
  [1m[36mTask Load (0.7ms)[0m  [1m[34mSELECT "tasks".* FROM "tasks" ORDER BY "tasks"."id" DESC LIMIT $1[0m  [["LIMIT", 1]]
  [1m[36mTask Load (0.8ms)[0m  [1m[34mSELECT "tasks".* FROM "tasks" ORDER BY "tasks"."id" DESC LIMIT $1[0m  [["LIMIT", 1]]
  [1m[36mTeam Load (0.4ms)[0m  [1m[34mSELECT "teams".* FROM "teams" WHERE "teams"."id" = $1 LIMIT $2[0m  [["id", 3], ["LIMIT", 1]]
  [1m[36mTeam Load (1.0ms)[0m  [1m[34mSELECT "teams".* FROM "teams" ORDER BY "teams"."id" DESC LIMIT $1[0m  [["LIMIT", 1]]
  [1m[36mTeam Load (0.5ms)[0m  [1m[34mSELECT "teams".* FROM "teams" ORDER BY "teams"."id" DESC LIMIT $1[0m  [["LIMIT", 1]]
  [1m[36mTask Load (0.8ms)[0m  [1m[34mSELECT "tasks".* FROM "tasks" WHERE "tasks"."team_id" = $1 LIMIT $2[0m  [["team_id", 9], ["LIMIT", 11]]
  [1m[35m (1.3ms)[0m  [1m[34mSELECT COUNT(*) FROM "tasks" WHERE "tasks"."team_id" = $1[0m  [["team_id", 9]]
  [1m[36mTask Load (0.5ms)[0m  [1m[34mSELECT "tasks".* FROM "tasks" WHERE "tasks"."id" = $1 LIMIT $2[0m  [["id", nil], ["LIMIT", 1]]
  [1m[36mTask Load (1.0ms)[0m  [1m[34mSELECT "tasks".* FROM "tasks" WHERE "tasks"."team_id" = $1 LIMIT $2[0m  [["team_id", 3], ["LIMIT", 1]]
  [1m[36mTeam Load (0.5ms)[0m  [1m[34mSELECT "teams".* FROM "teams" ORDER BY "teams"."id" DESC LIMIT $1[0m  [["LIMIT", 1]]
  [1m[35m (0.7ms)[0m  [1m[34mSELECT COUNT(*) FROM "teams"[0m
  [1m[36mTeam Load (0.5ms)[0m  [1m[34mSELECT "teams".* FROM "teams" LIMIT $1[0m  [["LIMIT", 11]]
  [1m[36mTeam Load (1.2ms)[0m  [1m[34mSELECT "teams".* FROM "teams"[0m
  [1m[35m (0.8ms)[0m  [1m[34mSELECT COUNT(*) FROM "tasks"[0m
  [1m[35m (0.9ms)[0m  [1m[34mSELECT COUNT(*) FROM "users"[0m
  [1m[36mTeam Load (0.5ms)[0m  [1m[34mSELECT "teams".* FROM "teams" ORDER BY "teams"."id" DESC LIMIT $1[0m  [["LIMIT", 1]]
  [1m[35m (0.3ms)[0m  [1m[35mBEGIN[0m
  [1m[36mTeam Destroy (1.8ms)[0m  [1m[31mDELETE FROM "teams" WHERE "teams"."id" = $1[0m  [["id", 9]]
  [1m[35m (9.5ms)[0m  [1m[35mCOMMIT[0m
  [1m[36mTeam Load (0.6ms)[0m  [1m[34mSELECT "teams".* FROM "teams" ORDER BY "teams"."id" DESC LIMIT $1[0m  [["LIMIT", 1]]
  [1m[35m (0.2ms)[0m  [1m[35mBEGIN[0m
  [1m[36mTeam Destroy (1.1ms)[0m  [1m[31mDELETE FROM "teams" WHERE "teams"."id" = $1[0m  [["id", 8]]
  [1m[35m (7.8ms)[0m  [1m[35mCOMMIT[0m
  [1m[36mTeam Load (0.7ms)[0m  [1m[34mSELECT "teams".* FROM "teams" ORDER BY "teams"."id" DESC LIMIT $1[0m  [["LIMIT", 1]]
  [1m[35m (0.2ms)[0m  [1m[35mBEGIN[0m
  [1m[36mTeam Destroy (0.7ms)[0m  [1m[31mDELETE FROM "teams" WHERE "teams"."id" = $1[0m  [["id", 7]]
  [1m[35m (7.6ms)[0m  [1m[35mCOMMIT[0m
  [1m[36mTeam Load (0.9ms)[0m  [1m[34mSELECT "teams".* FROM "teams" ORDER BY "teams"."id" DESC LIMIT $1[0m  [["LIMIT", 1]]
  [1m[35m (0.4ms)[0m  [1m[35mBEGIN[0m
  [1m[36mTeam Destroy (1.2ms)[0m  [1m[31mDELETE FROM "teams" WHERE "teams"."id" = $1[0m  [["id", 6]]
  [1m[35m (7.8ms)[0m  [1m[35mCOMMIT[0m
  [1m[36mTeam Load (0.6ms)[0m  [1m[34mSELECT "teams".* FROM "teams" ORDER BY "teams"."id" DESC LIMIT $1[0m  [["LIMIT", 1]]
  [1m[35m (0.2ms)[0m  [1m[35mBEGIN[0m
  [1m[36mTeam Destroy (1.7ms)[0m  [1m[31mDELETE FROM "teams" WHERE "teams"."id" = $1[0m  [["id", 5]]
  [1m[35m (8.0ms)[0m  [1m[35mCOMMIT[0m
  [1m[36mTeam Load (0.6ms)[0m  [1m[34mSELECT "teams".* FROM "teams" ORDER BY "teams"."id" DESC LIMIT $1[0m  [["LIMIT", 1]]
  [1m[35m (0.2ms)[0m  [1m[35mBEGIN[0m
  [1m[36mTeam Destroy (1.3ms)[0m  [1m[31mDELETE FROM "teams" WHERE "teams"."id" = $1[0m  [["id", 4]]
  [1m[35m (8.2ms)[0m  [1m[35mCOMMIT[0m
  [1m[36mTeam Load (0.6ms)[0m  [1m[34mSELECT "teams".* FROM "teams" ORDER BY "teams"."id" DESC LIMIT $1[0m  [["LIMIT", 1]]
  [1m[36mTeam Load (0.9ms)[0m  [1m[34mSELECT "teams".* FROM "teams" ORDER BY "teams"."id" DESC LIMIT $1[0m  [["LIMIT", 1]]
  [1m[36mTask Load (0.6ms)[0m  [1m[34mSELECT "tasks".* FROM "tasks" WHERE "tasks"."team_id" = $1 LIMIT $2[0m  [["team_id", 3], ["LIMIT", 11]]
  [1m[36mTeam Load (0.8ms)[0m  [1m[34mSELECT "teams".* FROM "teams" ORDER BY "teams"."id" DESC LIMIT $1[0m  [["LIMIT", 1]]
  [1m[36mUser Load (0.7ms)[0m  [1m[34mSELECT "users".* FROM "users" WHERE "users"."team_id" = $1 LIMIT $2[0m  [["team_id", 3], ["LIMIT", 11]]
Started GET "/" for ::1 at 2020-03-06 00:13:07 -0500
  [1m[35m (5.1ms)[0m  [1m[34mSELECT "schema_migrations"."version" FROM "schema_migrations" ORDER BY "schema_migrations"."version" ASC[0m
Processing by Rails::WelcomeController#index as HTML
  Rendering /Users/andrewhibbard/.rvm/gems/ruby-2.6.1/gems/railties-6.0.2.1/lib/rails/templates/rails/welcome/index.html.erb
  Rendered /Users/andrewhibbard/.rvm/gems/ruby-2.6.1/gems/railties-6.0.2.1/lib/rails/templates/rails/welcome/index.html.erb (Duration: 64.4ms | Allocations: 480)
Completed 200 OK in 134ms (Views: 102.7ms | ActiveRecord: 0.0ms | Allocations: 2635)


Started GET "/favicon.ico" for ::1 at 2020-03-06 00:13:08 -0500
  
ActionController::RoutingError (No route matches [GET] "/favicon.ico"):
  
actionpack (6.0.2.1) lib/action_dispatch/middleware/debug_exceptions.rb:36:in `call'
actionpack (6.0.2.1) lib/action_dispatch/middleware/show_exceptions.rb:33:in `call'
railties (6.0.2.1) lib/rails/rack/logger.rb:38:in `call_app'
railties (6.0.2.1) lib/rails/rack/logger.rb:26:in `block in call'
activesupport (6.0.2.1) lib/active_support/tagged_logging.rb:80:in `block in tagged'
activesupport (6.0.2.1) lib/active_support/tagged_logging.rb:28:in `tagged'
activesupport (6.0.2.1) lib/active_support/tagged_logging.rb:80:in `tagged'
railties (6.0.2.1) lib/rails/rack/logger.rb:26:in `call'
actionpack (6.0.2.1) lib/action_dispatch/middleware/remote_ip.rb:81:in `call'
actionpack (6.0.2.1) lib/action_dispatch/middleware/request_id.rb:27:in `call'
rack (2.2.2) lib/rack/runtime.rb:22:in `call'
activesupport (6.0.2.1) lib/active_support/cache/strategy/local_cache_middleware.rb:29:in `call'
actionpack (6.0.2.1) lib/action_dispatch/middleware/executor.rb:14:in `call'
actionpack (6.0.2.1) lib/action_dispatch/middleware/static.rb:126:in `call'
rack (2.2.2) lib/rack/sendfile.rb:110:in `call'
actionpack (6.0.2.1) lib/action_dispatch/middleware/host_authorization.rb:83:in `call'
rack-cors (1.1.1) lib/rack/cors.rb:100:in `call'
railties (6.0.2.1) lib/rails/engine.rb:526:in `call'
puma (4.3.3) lib/puma/configuration.rb:228:in `call'
puma (4.3.3) lib/puma/server.rb:682:in `handle_request'
puma (4.3.3) lib/puma/server.rb:472:in `process_client'
puma (4.3.3) lib/puma/server.rb:328:in `block in run'
puma (4.3.3) lib/puma/thread_pool.rb:134:in `block in spawn_thread'
Started GET "/team" for ::1 at 2020-03-06 00:13:12 -0500
  
ActionController::RoutingError (No route matches [GET] "/team"):
  
actionpack (6.0.2.1) lib/action_dispatch/middleware/debug_exceptions.rb:36:in `call'
actionpack (6.0.2.1) lib/action_dispatch/middleware/show_exceptions.rb:33:in `call'
railties (6.0.2.1) lib/rails/rack/logger.rb:38:in `call_app'
railties (6.0.2.1) lib/rails/rack/logger.rb:26:in `block in call'
activesupport (6.0.2.1) lib/active_support/tagged_logging.rb:80:in `block in tagged'
activesupport (6.0.2.1) lib/active_support/tagged_logging.rb:28:in `tagged'
activesupport (6.0.2.1) lib/active_support/tagged_logging.rb:80:in `tagged'
railties (6.0.2.1) lib/rails/rack/logger.rb:26:in `call'
actionpack (6.0.2.1) lib/action_dispatch/middleware/remote_ip.rb:81:in `call'
actionpack (6.0.2.1) lib/action_dispatch/middleware/request_id.rb:27:in `call'
rack (2.2.2) lib/rack/runtime.rb:22:in `call'
activesupport (6.0.2.1) lib/active_support/cache/strategy/local_cache_middleware.rb:29:in `call'
actionpack (6.0.2.1) lib/action_dispatch/middleware/executor.rb:14:in `call'
actionpack (6.0.2.1) lib/action_dispatch/middleware/static.rb:126:in `call'
rack (2.2.2) lib/rack/sendfile.rb:110:in `call'
actionpack (6.0.2.1) lib/action_dispatch/middleware/host_authorization.rb:83:in `call'
rack-cors (1.1.1) lib/rack/cors.rb:100:in `call'
railties (6.0.2.1) lib/rails/engine.rb:526:in `call'
puma (4.3.3) lib/puma/configuration.rb:228:in `call'
puma (4.3.3) lib/puma/server.rb:682:in `handle_request'
puma (4.3.3) lib/puma/server.rb:472:in `process_client'
puma (4.3.3) lib/puma/server.rb:328:in `block in run'
puma (4.3.3) lib/puma/thread_pool.rb:134:in `block in spawn_thread'
Started GET "/teams" for ::1 at 2020-03-06 00:13:14 -0500
Processing by TeamsController#index as HTML
Completed 500 Internal Server Error in 299ms (ActiveRecord: 0.0ms | Allocations: 72417)


  
NameError (undefined local variable or method `team' for #<TeamsController:0x00007fb393d103c8>
Did you mean?  teams):
  
app/controllers/teams_controller.rb:5:in `index'
Started GET "/teams" for ::1 at 2020-03-06 00:13:30 -0500
Processing by TeamsController#index as HTML
  [1m[36mTeam Load (38.0ms)[0m  [1m[34mSELECT "teams".* FROM "teams"[0m
  ↳ app/controllers/teams_controller.rb:5:in `index'
  [1m[36mTask Load (4.7ms)[0m  [1m[34mSELECT "tasks".* FROM "tasks" WHERE "tasks"."team_id" = $1[0m  [["team_id", 1]]
  ↳ app/controllers/teams_controller.rb:5:in `index'
  [1m[36mTask Load (1.1ms)[0m  [1m[34mSELECT "tasks".* FROM "tasks" WHERE "tasks"."team_id" = $1[0m  [["team_id", 2]]
  ↳ app/controllers/teams_controller.rb:5:in `index'
  [1m[36mTask Load (0.9ms)[0m  [1m[34mSELECT "tasks".* FROM "tasks" WHERE "tasks"."team_id" = $1[0m  [["team_id", 3]]
  ↳ app/controllers/teams_controller.rb:5:in `index'
Completed 200 OK in 208ms (Views: 76.3ms | ActiveRecord: 127.0ms | Allocations: 18588)


Started GET "/users" for ::1 at 2020-03-06 00:14:17 -0500
Processing by UsersController#index as HTML
Completed 204 No Content in 0ms (ActiveRecord: 0.0ms | Allocations: 41)


Started GET "/users" for ::1 at 2020-03-06 00:14:24 -0500
Processing by UsersController#index as HTML
Completed 204 No Content in 0ms (ActiveRecord: 0.0ms | Allocations: 27)


Started GET "/users" for ::1 at 2020-03-06 00:14:30 -0500
Processing by UsersController#index as HTML
Completed 204 No Content in 0ms (ActiveRecord: 0.0ms | Allocations: 26)


Started GET "/tasks" for ::1 at 2020-03-06 00:14:40 -0500
Processing by TasksController#index as HTML
  [1m[36mTask Load (1.7ms)[0m  [1m[34mSELECT "tasks".* FROM "tasks"[0m
  ↳ app/controllers/tasks_controller.rb:5:in `index'
Completed 200 OK in 10ms (Views: 5.8ms | ActiveRecord: 1.7ms | Allocations: 3064)


Started GET "/teams" for ::1 at 2020-03-06 00:21:35 -0500
Processing by TeamsController#index as */*
  [1m[36mTeam Load (1.4ms)[0m  [1m[34mSELECT "teams".* FROM "teams"[0m
  ↳ app/controllers/teams_controller.rb:5:in `index'
  [1m[36mTask Load (2.3ms)[0m  [1m[34mSELECT "tasks".* FROM "tasks" WHERE "tasks"."team_id" = $1[0m  [["team_id", 1]]
  ↳ app/controllers/teams_controller.rb:5:in `index'
  [1m[36mTask Load (0.8ms)[0m  [1m[34mSELECT "tasks".* FROM "tasks" WHERE "tasks"."team_id" = $1[0m  [["team_id", 2]]
  ↳ app/controllers/teams_controller.rb:5:in `index'
  [1m[36mTask Load (9.7ms)[0m  [1m[34mSELECT "tasks".* FROM "tasks" WHERE "tasks"."team_id" = $1[0m  [["team_id", 3]]
  ↳ app/controllers/teams_controller.rb:5:in `index'
Completed 200 OK in 41ms (Views: 25.2ms | ActiveRecord: 15.1ms | Allocations: 5375)


